<?xml version="1.0" encoding="UTF-8"?>
<!-- Generated by org.testng.reporters.JUnitReportReporter -->
<testsuite name="com.learnautomation.testcases.LoginTestCRM" tests="1" time="7.591" ignored="0" failures="0" timestamp="05 Apr 2021 08:49:18 GMT" skipped="0" hostname="A728772-W10" errors="0">
  <testcase name="loginApp" time="7.591" classname="com.learnautomation.testcases.LoginTestCRM"/>
</testsuite> <!-- com.learnautomation.testcases.LoginTestCRM -->
